{"/Users/varlopecar/dev/react-form/src/App.tsx": {"path":"/Users/varlopecar/dev/react-form/src/App.tsx","all":false,"statementMap":{"0":{"start":{"line":1,"column":0},"end":{"line":1,"column":42}},"1":{"start":{"line":2,"column":0},"end":{"line":2,"column":65}},"2":{"start":{"line":3,"column":0},"end":{"line":3,"column":19}},"15":{"start":{"line":16,"column":0},"end":{"line":16,"column":16}},"19":{"start":{"line":20,"column":0},"end":{"line":20,"column":49}},"21":{"start":{"line":22,"column":0},"end":{"line":22,"column":10}},"22":{"start":{"line":23,"column":0},"end":{"line":23,"column":49}},"23":{"start":{"line":24,"column":0},"end":{"line":24,"column":38}},"25":{"start":{"line":26,"column":0},"end":{"line":26,"column":43}},"26":{"start":{"line":27,"column":0},"end":{"line":27,"column":77}},"27":{"start":{"line":28,"column":0},"end":{"line":28,"column":10}},"28":{"start":{"line":29,"column":0},"end":{"line":29,"column":25}},"29":{"start":{"line":30,"column":0},"end":{"line":30,"column":25}},"30":{"start":{"line":31,"column":0},"end":{"line":31,"column":35}},"31":{"start":{"line":32,"column":0},"end":{"line":32,"column":65}},"32":{"start":{"line":33,"column":0},"end":{"line":33,"column":9}},"34":{"start":{"line":35,"column":0},"end":{"line":35,"column":12}},"35":{"start":{"line":36,"column":0},"end":{"line":36,"column":15}},"37":{"start":{"line":38,"column":0},"end":{"line":38,"column":49}},"39":{"start":{"line":40,"column":0},"end":{"line":40,"column":65}},"40":{"start":{"line":41,"column":0},"end":{"line":41,"column":68}},"41":{"start":{"line":42,"column":0},"end":{"line":42,"column":15}},"42":{"start":{"line":43,"column":0},"end":{"line":43,"column":10}},"44":{"start":{"line":45,"column":0},"end":{"line":45,"column":1}},"46":{"start":{"line":47,"column":0},"end":{"line":47,"column":19}}},"s":{"0":1,"1":1,"2":1,"15":3,"19":3,"21":3,"22":3,"23":3,"25":3,"26":3,"27":3,"28":3,"29":3,"30":3,"31":3,"32":3,"34":3,"35":3,"37":3,"39":3,"40":3,"41":3,"42":3,"44":3,"46":1},"branchMap":{"0":{"type":"branch","line":16,"loc":{"start":{"line":16,"column":0},"end":{"line":45,"column":1}},"locations":[{"start":{"line":16,"column":0},"end":{"line":45,"column":1}}]}},"b":{"0":[3]},"fnMap":{"0":{"name":"App","decl":{"start":{"line":16,"column":0},"end":{"line":45,"column":1}},"loc":{"start":{"line":16,"column":0},"end":{"line":45,"column":1}},"line":16}},"f":{"0":3}}
,"/Users/varlopecar/dev/react-form/src/index.ts": {"path":"/Users/varlopecar/dev/react-form/src/index.ts","all":false,"statementMap":{"1":{"start":{"line":2,"column":0},"end":{"line":2,"column":65}},"7":{"start":{"line":8,"column":0},"end":{"line":8,"column":66}}},"s":{"1":1,"7":1},"branchMap":{},"b":{},"fnMap":{},"f":{}}
,"/Users/varlopecar/dev/react-form/src/components/RegistrationForm.tsx": {"path":"/Users/varlopecar/dev/react-form/src/components/RegistrationForm.tsx","all":false,"statementMap":{"0":{"start":{"line":1,"column":0},"end":{"line":1,"column":42}},"1":{"start":{"line":2,"column":0},"end":{"line":2,"column":54}},"2":{"start":{"line":3,"column":0},"end":{"line":3,"column":40}},"3":{"start":{"line":4,"column":0},"end":{"line":4,"column":44}},"4":{"start":{"line":5,"column":0},"end":{"line":5,"column":94}},"28":{"start":{"line":29,"column":0},"end":{"line":29,"column":58}},"29":{"start":{"line":30,"column":0},"end":{"line":30,"column":64}},"31":{"start":{"line":32,"column":0},"end":{"line":32,"column":11}},"32":{"start":{"line":33,"column":0},"end":{"line":33,"column":17}},"33":{"start":{"line":34,"column":0},"end":{"line":34,"column":21}},"34":{"start":{"line":35,"column":0},"end":{"line":35,"column":30}},"35":{"start":{"line":36,"column":0},"end":{"line":36,"column":14}},"36":{"start":{"line":37,"column":0},"end":{"line":37,"column":14}},"37":{"start":{"line":38,"column":0},"end":{"line":38,"column":39}},"38":{"start":{"line":39,"column":0},"end":{"line":39,"column":50}},"39":{"start":{"line":40,"column":0},"end":{"line":40,"column":25}},"40":{"start":{"line":41,"column":0},"end":{"line":41,"column":7}},"43":{"start":{"line":44,"column":0},"end":{"line":44,"column":31}},"46":{"start":{"line":47,"column":0},"end":{"line":47,"column":21}},"47":{"start":{"line":48,"column":0},"end":{"line":48,"column":31}},"48":{"start":{"line":49,"column":0},"end":{"line":49,"column":45}},"49":{"start":{"line":50,"column":0},"end":{"line":50,"column":44}},"50":{"start":{"line":51,"column":0},"end":{"line":51,"column":41}},"51":{"start":{"line":52,"column":0},"end":{"line":52,"column":37}},"52":{"start":{"line":53,"column":0},"end":{"line":53,"column":40}},"53":{"start":{"line":54,"column":0},"end":{"line":54,"column":44}},"55":{"start":{"line":56,"column":0},"end":{"line":56,"column":43}},"56":{"start":{"line":57,"column":0},"end":{"line":57,"column":21}},"63":{"start":{"line":64,"column":0},"end":{"line":64,"column":61}},"64":{"start":{"line":65,"column":0},"end":{"line":65,"column":13}},"66":{"start":{"line":67,"column":0},"end":{"line":67,"column":27}},"69":{"start":{"line":70,"column":0},"end":{"line":70,"column":75}},"72":{"start":{"line":73,"column":0},"end":{"line":73,"column":51}},"75":{"start":{"line":76,"column":0},"end":{"line":76,"column":20}},"76":{"start":{"line":77,"column":0},"end":{"line":77,"column":25}},"78":{"start":{"line":79,"column":0},"end":{"line":79,"column":73}},"79":{"start":{"line":80,"column":0},"end":{"line":80,"column":56}},"80":{"start":{"line":81,"column":0},"end":{"line":81,"column":9}},"81":{"start":{"line":82,"column":0},"end":{"line":82,"column":6}},"86":{"start":{"line":87,"column":0},"end":{"line":87,"column":27}},"87":{"start":{"line":88,"column":0},"end":{"line":88,"column":72}},"88":{"start":{"line":89,"column":0},"end":{"line":89,"column":6}},"90":{"start":{"line":91,"column":0},"end":{"line":91,"column":12}},"91":{"start":{"line":92,"column":0},"end":{"line":92,"column":150}},"92":{"start":{"line":93,"column":0},"end":{"line":93,"column":17}},"93":{"start":{"line":94,"column":0},"end":{"line":94,"column":97}},"95":{"start":{"line":96,"column":0},"end":{"line":96,"column":24}},"96":{"start":{"line":97,"column":0},"end":{"line":97,"column":22}},"97":{"start":{"line":98,"column":0},"end":{"line":98,"column":46}},"98":{"start":{"line":99,"column":0},"end":{"line":99,"column":34}},"99":{"start":{"line":100,"column":0},"end":{"line":100,"column":153}},"100":{"start":{"line":101,"column":0},"end":{"line":101,"column":18}},"101":{"start":{"line":102,"column":0},"end":{"line":102,"column":38}},"102":{"start":{"line":103,"column":0},"end":{"line":103,"column":91}},"104":{"start":{"line":105,"column":0},"end":{"line":105,"column":18}},"106":{"start":{"line":107,"column":0},"end":{"line":107,"column":17}},"107":{"start":{"line":108,"column":0},"end":{"line":108,"column":96}},"109":{"start":{"line":110,"column":0},"end":{"line":110,"column":24}},"110":{"start":{"line":111,"column":0},"end":{"line":111,"column":22}},"111":{"start":{"line":112,"column":0},"end":{"line":112,"column":45}},"112":{"start":{"line":113,"column":0},"end":{"line":113,"column":33}},"113":{"start":{"line":114,"column":0},"end":{"line":114,"column":153}},"114":{"start":{"line":115,"column":0},"end":{"line":115,"column":18}},"115":{"start":{"line":116,"column":0},"end":{"line":116,"column":37}},"116":{"start":{"line":117,"column":0},"end":{"line":117,"column":90}},"118":{"start":{"line":119,"column":0},"end":{"line":119,"column":18}},"120":{"start":{"line":121,"column":0},"end":{"line":121,"column":17}},"121":{"start":{"line":122,"column":0},"end":{"line":122,"column":93}},"123":{"start":{"line":124,"column":0},"end":{"line":124,"column":24}},"124":{"start":{"line":125,"column":0},"end":{"line":125,"column":22}},"125":{"start":{"line":126,"column":0},"end":{"line":126,"column":42}},"126":{"start":{"line":127,"column":0},"end":{"line":127,"column":32}},"127":{"start":{"line":128,"column":0},"end":{"line":128,"column":30}},"128":{"start":{"line":129,"column":0},"end":{"line":129,"column":153}},"129":{"start":{"line":130,"column":0},"end":{"line":130,"column":18}},"130":{"start":{"line":131,"column":0},"end":{"line":131,"column":34}},"131":{"start":{"line":132,"column":0},"end":{"line":132,"column":87}},"133":{"start":{"line":134,"column":0},"end":{"line":134,"column":18}},"135":{"start":{"line":136,"column":0},"end":{"line":136,"column":17}},"136":{"start":{"line":137,"column":0},"end":{"line":137,"column":97}},"138":{"start":{"line":139,"column":0},"end":{"line":139,"column":24}},"139":{"start":{"line":140,"column":0},"end":{"line":140,"column":22}},"140":{"start":{"line":141,"column":0},"end":{"line":141,"column":69}},"141":{"start":{"line":142,"column":0},"end":{"line":142,"column":31}},"142":{"start":{"line":143,"column":0},"end":{"line":143,"column":34}},"143":{"start":{"line":144,"column":0},"end":{"line":144,"column":153}},"144":{"start":{"line":145,"column":0},"end":{"line":145,"column":18}},"145":{"start":{"line":146,"column":0},"end":{"line":146,"column":38}},"146":{"start":{"line":147,"column":0},"end":{"line":147,"column":91}},"148":{"start":{"line":149,"column":0},"end":{"line":149,"column":18}},"150":{"start":{"line":151,"column":0},"end":{"line":151,"column":17}},"151":{"start":{"line":152,"column":0},"end":{"line":152,"column":92}},"153":{"start":{"line":154,"column":0},"end":{"line":154,"column":24}},"154":{"start":{"line":155,"column":0},"end":{"line":155,"column":22}},"155":{"start":{"line":156,"column":0},"end":{"line":156,"column":41}},"156":{"start":{"line":157,"column":0},"end":{"line":157,"column":29}},"157":{"start":{"line":158,"column":0},"end":{"line":158,"column":153}},"158":{"start":{"line":159,"column":0},"end":{"line":159,"column":18}},"159":{"start":{"line":160,"column":0},"end":{"line":160,"column":33}},"160":{"start":{"line":161,"column":0},"end":{"line":161,"column":86}},"162":{"start":{"line":163,"column":0},"end":{"line":163,"column":18}},"164":{"start":{"line":165,"column":0},"end":{"line":165,"column":17}},"165":{"start":{"line":166,"column":0},"end":{"line":166,"column":98}},"167":{"start":{"line":168,"column":0},"end":{"line":168,"column":24}},"168":{"start":{"line":169,"column":0},"end":{"line":169,"column":22}},"169":{"start":{"line":170,"column":0},"end":{"line":170,"column":47}},"170":{"start":{"line":171,"column":0},"end":{"line":171,"column":35}},"171":{"start":{"line":172,"column":0},"end":{"line":172,"column":153}},"172":{"start":{"line":173,"column":0},"end":{"line":173,"column":18}},"173":{"start":{"line":174,"column":0},"end":{"line":174,"column":39}},"174":{"start":{"line":175,"column":0},"end":{"line":175,"column":92}},"176":{"start":{"line":177,"column":0},"end":{"line":177,"column":18}},"178":{"start":{"line":179,"column":0},"end":{"line":179,"column":19}},"179":{"start":{"line":180,"column":0},"end":{"line":180,"column":29}},"180":{"start":{"line":181,"column":0},"end":{"line":181,"column":42}},"181":{"start":{"line":182,"column":0},"end":{"line":182,"column":96}},"182":{"start":{"line":183,"column":0},"end":{"line":183,"column":97}},"183":{"start":{"line":184,"column":0},"end":{"line":184,"column":68}},"184":{"start":{"line":185,"column":0},"end":{"line":185,"column":23}},"185":{"start":{"line":186,"column":0},"end":{"line":186,"column":13}},"187":{"start":{"line":188,"column":0},"end":{"line":188,"column":21}},"188":{"start":{"line":189,"column":0},"end":{"line":189,"column":15}},"190":{"start":{"line":191,"column":0},"end":{"line":191,"column":2}}},"s":{"0":1,"1":1,"2":1,"3":1,"4":1,"28":1,"29":52,"31":52,"32":52,"33":52,"34":52,"35":52,"36":52,"37":52,"38":52,"39":52,"40":52,"43":52,"46":52,"47":32,"48":32,"49":24,"50":21,"51":18,"52":18,"53":12,"55":32,"56":52,"63":52,"64":2,"66":2,"69":2,"72":2,"75":2,"76":2,"78":1,"79":1,"80":1,"81":2,"86":52,"87":2,"88":2,"90":52,"91":52,"92":52,"93":52,"95":52,"96":52,"97":52,"98":52,"99":52,"100":52,"101":52,"102":1,"104":52,"106":52,"107":52,"109":52,"110":52,"111":52,"112":52,"113":52,"114":52,"115":52,"116":1,"118":52,"120":52,"121":52,"123":52,"124":52,"125":52,"126":52,"127":52,"128":52,"129":52,"130":52,"131":1,"133":52,"135":52,"136":52,"138":52,"139":52,"140":52,"141":52,"142":52,"143":52,"144":52,"145":52,"146":1,"148":52,"150":52,"151":52,"153":52,"154":52,"155":52,"156":52,"157":52,"158":52,"159":52,"160":1,"162":52,"164":52,"165":52,"167":52,"168":52,"169":52,"170":52,"171":52,"172":52,"173":52,"174":4,"176":52,"178":52,"179":52,"180":52,"181":52,"182":12,"183":40,"184":52,"185":52,"187":52,"188":52,"190":52},"branchMap":{"0":{"type":"branch","line":29,"loc":{"start":{"line":29,"column":32},"end":{"line":191,"column":2}},"locations":[{"start":{"line":29,"column":32},"end":{"line":191,"column":2}}]},"1":{"type":"branch","line":102,"loc":{"start":{"line":102,"column":24},"end":{"line":103,"column":91}},"locations":[{"start":{"line":102,"column":24},"end":{"line":103,"column":91}}]},"2":{"type":"branch","line":116,"loc":{"start":{"line":116,"column":24},"end":{"line":117,"column":90}},"locations":[{"start":{"line":116,"column":24},"end":{"line":117,"column":90}}]},"3":{"type":"branch","line":131,"loc":{"start":{"line":131,"column":24},"end":{"line":132,"column":87}},"locations":[{"start":{"line":131,"column":24},"end":{"line":132,"column":87}}]},"4":{"type":"branch","line":146,"loc":{"start":{"line":146,"column":24},"end":{"line":147,"column":91}},"locations":[{"start":{"line":146,"column":24},"end":{"line":147,"column":91}}]},"5":{"type":"branch","line":160,"loc":{"start":{"line":160,"column":24},"end":{"line":161,"column":86}},"locations":[{"start":{"line":160,"column":24},"end":{"line":161,"column":86}}]},"6":{"type":"branch","line":174,"loc":{"start":{"line":174,"column":24},"end":{"line":175,"column":92}},"locations":[{"start":{"line":174,"column":24},"end":{"line":175,"column":92}}]},"7":{"type":"branch","line":182,"loc":{"start":{"line":182,"column":82},"end":{"line":183,"column":97}},"locations":[{"start":{"line":182,"column":82},"end":{"line":183,"column":97}}]},"8":{"type":"branch","line":183,"loc":{"start":{"line":183,"column":22},"end":{"line":184,"column":68}},"locations":[{"start":{"line":183,"column":22},"end":{"line":184,"column":68}}]},"9":{"type":"branch","line":47,"loc":{"start":{"line":47,"column":14},"end":{"line":57,"column":7}},"locations":[{"start":{"line":47,"column":14},"end":{"line":57,"column":7}}]},"10":{"type":"branch","line":49,"loc":{"start":{"line":49,"column":25},"end":{"line":49,"column":41}},"locations":[{"start":{"line":49,"column":25},"end":{"line":49,"column":41}}]},"11":{"type":"branch","line":49,"loc":{"start":{"line":49,"column":41},"end":{"line":50,"column":44}},"locations":[{"start":{"line":49,"column":41},"end":{"line":50,"column":44}}]},"12":{"type":"branch","line":50,"loc":{"start":{"line":50,"column":40},"end":{"line":51,"column":41}},"locations":[{"start":{"line":50,"column":40},"end":{"line":51,"column":41}}]},"13":{"type":"branch","line":51,"loc":{"start":{"line":51,"column":37},"end":{"line":52,"column":37}},"locations":[{"start":{"line":51,"column":37},"end":{"line":52,"column":37}}]},"14":{"type":"branch","line":52,"loc":{"start":{"line":52,"column":25},"end":{"line":53,"column":40}},"locations":[{"start":{"line":52,"column":25},"end":{"line":53,"column":40}}]},"15":{"type":"branch","line":53,"loc":{"start":{"line":53,"column":36},"end":{"line":54,"column":44}},"locations":[{"start":{"line":53,"column":36},"end":{"line":54,"column":44}}]},"16":{"type":"branch","line":64,"loc":{"start":{"line":64,"column":28},"end":{"line":82,"column":6}},"locations":[{"start":{"line":64,"column":28},"end":{"line":82,"column":6}}]},"17":{"type":"branch","line":77,"loc":{"start":{"line":77,"column":8},"end":{"line":81,"column":9}},"locations":[{"start":{"line":77,"column":8},"end":{"line":81,"column":9}}]},"18":{"type":"branch","line":87,"loc":{"start":{"line":87,"column":20},"end":{"line":89,"column":6}},"locations":[{"start":{"line":87,"column":20},"end":{"line":89,"column":6}}]}},"b":{"0":[52],"1":[1],"2":[1],"3":[1],"4":[1],"5":[1],"6":[4],"7":[12],"8":[40],"9":[32],"10":[25],"11":[24],"12":[21],"13":[18],"14":[18],"15":[12],"16":[2],"17":[1],"18":[2]},"fnMap":{"0":{"name":"RegistrationForm","decl":{"start":{"line":29,"column":32},"end":{"line":191,"column":2}},"loc":{"start":{"line":29,"column":32},"end":{"line":191,"column":2}},"line":29},"1":{"name":"onSubmitHandler","decl":{"start":{"line":64,"column":28},"end":{"line":82,"column":6}},"loc":{"start":{"line":64,"column":28},"end":{"line":82,"column":6}},"line":64},"2":{"name":"onError","decl":{"start":{"line":87,"column":20},"end":{"line":89,"column":6}},"loc":{"start":{"line":87,"column":20},"end":{"line":89,"column":6}},"line":87}},"f":{"0":52,"1":2,"2":2}}
,"/Users/varlopecar/dev/react-form/src/schemas/registrationSchema.ts": {"path":"/Users/varlopecar/dev/react-form/src/schemas/registrationSchema.ts","all":false,"statementMap":{"0":{"start":{"line":1,"column":0},"end":{"line":1,"column":24}},"8":{"start":{"line":9,"column":0},"end":{"line":9,"column":45}},"9":{"start":{"line":10,"column":0},"end":{"line":10,"column":27}},"10":{"start":{"line":11,"column":0},"end":{"line":11,"column":36}},"11":{"start":{"line":12,"column":0},"end":{"line":12,"column":29}},"12":{"start":{"line":13,"column":0},"end":{"line":13,"column":21}},"13":{"start":{"line":14,"column":0},"end":{"line":14,"column":19}},"14":{"start":{"line":15,"column":0},"end":{"line":15,"column":4}},"15":{"start":{"line":16,"column":0},"end":{"line":16,"column":34}},"16":{"start":{"line":17,"column":0},"end":{"line":17,"column":2}},"21":{"start":{"line":22,"column":0},"end":{"line":22,"column":40}},"26":{"start":{"line":27,"column":0},"end":{"line":27,"column":37}},"39":{"start":{"line":40,"column":0},"end":{"line":40,"column":44}},"40":{"start":{"line":41,"column":0},"end":{"line":41,"column":14}},"41":{"start":{"line":42,"column":0},"end":{"line":42,"column":13}},"42":{"start":{"line":43,"column":0},"end":{"line":43,"column":60}},"43":{"start":{"line":44,"column":0},"end":{"line":44,"column":69}},"44":{"start":{"line":45,"column":0},"end":{"line":45,"column":13}},"45":{"start":{"line":46,"column":0},"end":{"line":46,"column":13}},"46":{"start":{"line":47,"column":0},"end":{"line":47,"column":57}},"47":{"start":{"line":48,"column":0},"end":{"line":48,"column":66}},"48":{"start":{"line":49,"column":0},"end":{"line":49,"column":54}},"49":{"start":{"line":50,"column":0},"end":{"line":50,"column":14}},"50":{"start":{"line":51,"column":0},"end":{"line":51,"column":11}},"51":{"start":{"line":52,"column":0},"end":{"line":52,"column":69}},"52":{"start":{"line":53,"column":0},"end":{"line":53,"column":9}},"53":{"start":{"line":54,"column":0},"end":{"line":54,"column":13}},"54":{"start":{"line":55,"column":0},"end":{"line":55,"column":59}},"55":{"start":{"line":56,"column":0},"end":{"line":56,"column":68}},"56":{"start":{"line":57,"column":0},"end":{"line":57,"column":15}},"57":{"start":{"line":58,"column":0},"end":{"line":58,"column":13}},"58":{"start":{"line":59,"column":0},"end":{"line":59,"column":71}},"59":{"start":{"line":60,"column":0},"end":{"line":60,"column":3}}},"s":{"0":1,"8":1,"9":20,"10":20,"11":20,"12":20,"13":20,"14":20,"15":20,"16":20,"21":1,"26":1,"39":1,"40":1,"41":1,"42":1,"43":1,"44":1,"45":1,"46":1,"47":1,"48":1,"49":1,"50":1,"51":1,"52":1,"53":1,"54":1,"55":1,"56":1,"57":1,"58":1,"59":1},"branchMap":{"0":{"type":"branch","line":9,"loc":{"start":{"line":9,"column":28},"end":{"line":17,"column":2}},"locations":[{"start":{"line":9,"column":28},"end":{"line":17,"column":2}}]}},"b":{"0":[20]},"fnMap":{"0":{"name":"isAtLeast18YearsAgo","decl":{"start":{"line":9,"column":28},"end":{"line":17,"column":2}},"loc":{"start":{"line":9,"column":28},"end":{"line":17,"column":2}},"line":9}},"f":{"0":20}}
}
